Located file: d:\animal\is\array.dll
Located file: d:\animal\is\cml.dll
Located file: d:\animal\is\mech.dll
Located file: d:\animal\is\Power.dll
Located file: d:\animal\is\real.dll
Located file: d:\animal\is\soimos.dll
Located file: d:\animal\is\switch.dll
Located file: d:\animal\is\vsrc.dll
      
------- A.C. Small signal analysis ---------

------- Transient analysis ---------

------- ...Initial Transient Solution ---------

------- ...Transient Analysis ---------

-------Plotting  acan ---------

-------Plotting  acan ---------

-------Plotting  acan ---------

-------Plotting  acan ---------

-------Plotting  acan ---------

-------Plotting  acan ---------

-------Plotting  acan ---------

-------Plotting  transient ---------

-------Plotting  transient ---------

-------Plotting  transient ---------

-------Plotting  transient ---------

-------Plotting  transient ---------

-------Plotting  transient ---------

-------Plotting  transient ---------

------- Output ---------
